<?xml version="1.0" encoding="UTF-8"?>
<!-- Generated by org.testng.reporters.JUnitReportReporter -->
<testsuite hostname="DESKTOP-LKHQBG4" failures="0" tests="2" name="com.spicejet.test.OneWayTripTest" time="245.485" errors="0" timestamp="2023-05-03T15:29:14 IST" skipped="0">
  <testcase classname="com.spicejet.test.OneWayTripTest" name="searchFlightOneway" time="120.736"/>
  <system-out/>
  <testcase classname="com.spicejet.test.OneWayTripTest" name="searchFlightOneway" time="124.749"/>
  <system-out/>
</testsuite> <!-- com.spicejet.test.OneWayTripTest -->
