<?xml version="1.0" encoding="UTF-8"?>
<!-- Generated by org.testng.reporters.JUnitReportReporter -->
<testsuite hostname="DESKTOP-LKHQBG4" failures="0" tests="2" name="com.spicejet.test.CheckInValidationTest" time="32.149" errors="0" timestamp="2023-05-03T15:29:14 IST" skipped="0">
  <testcase classname="com.spicejet.test.CheckInValidationTest" name="validateCheckIn" time="14.970"/>
  <system-out/>
  <testcase classname="com.spicejet.test.CheckInValidationTest" name="validateCheckIn" time="17.179"/>
  <system-out/>
</testsuite> <!-- com.spicejet.test.CheckInValidationTest -->
