<?xml version="1.0" encoding="UTF-8"?>
<!-- Generated by org.testng.reporters.JUnitReportReporter -->
<testsuite hostname="DESKTOP-LKHQBG4" failures="0" tests="2" name="com.spicejet.test.RoundTripTest" time="253.962" errors="0" timestamp="2023-05-03T15:29:14 IST" skipped="0">
  <testcase classname="com.spicejet.test.RoundTripTest" name="searchFlightRound" time="129.024"/>
  <system-out/>
  <testcase classname="com.spicejet.test.RoundTripTest" name="searchFlightRound" time="124.938"/>
  <system-out/>
</testsuite> <!-- com.spicejet.test.RoundTripTest -->
