<?xml version="1.0" encoding="UTF-8"?>
<!-- Generated by org.testng.reporters.JUnitReportReporter -->
<testsuite hostname="DESKTOP-LKHQBG4" failures="0" tests="2" name="com.spicejet.test.FlightStatusValidationTest" time="60.988" errors="0" timestamp="2023-05-03T15:29:14 IST" skipped="0">
  <testcase classname="com.spicejet.test.FlightStatusValidationTest" name="validateFlightStatus" time="36.714"/>
  <system-out/>
  <testcase classname="com.spicejet.test.FlightStatusValidationTest" name="validateFlightStatus" time="24.274"/>
  <system-out/>
</testsuite> <!-- com.spicejet.test.FlightStatusValidationTest -->
