<?xml version="1.0" encoding="UTF-8"?>
<!-- Generated by org.testng.reporters.JUnitReportReporter -->
<testsuite hostname="DESKTOP-LKHQBG4" failures="0" tests="1" name="com.spicejet.test.LoginTest" time="21.506" errors="0" timestamp="2023-04-28T13:14:16 IST" skipped="0">
  <testcase classname="com.spicejet.test.LoginTest" name="login" time="21.506"/>
  <system-out/>
</testsuite> <!-- com.spicejet.test.LoginTest -->
