<?xml version="1.0" encoding="UTF-8"?>
<!-- Generated by org.testng.reporters.JUnitReportReporter -->
<testsuite hostname="DESKTOP-LKHQBG4" failures="0" tests="1" name="com.spicejet.test.DummyTest" time="43.841" errors="0" timestamp="2023-04-28T11:48:36 IST" skipped="0">
  <testcase classname="com.spicejet.test.DummyTest" name="dt" time="43.841"/>
  <system-out/>
</testsuite> <!-- com.spicejet.test.DummyTest -->
