<?xml version="1.0" encoding="UTF-8"?>
<!-- Generated by org.testng.reporters.JUnitReportReporter -->
<testsuite hostname="DESKTOP-LKHQBG4" failures="0" tests="2" name="com.spicejet.test.PositiveLoginTest" time="30.515" errors="0" timestamp="2023-05-03T15:29:14 IST" skipped="0">
  <testcase classname="com.spicejet.test.PositiveLoginTest" name="login" time="14.133"/>
  <system-out/>
  <testcase classname="com.spicejet.test.PositiveLoginTest" name="login" time="16.382"/>
  <system-out/>
</testsuite> <!-- com.spicejet.test.PositiveLoginTest -->
