<?xml version="1.0" encoding="UTF-8"?>
<!-- Generated by org.testng.reporters.JUnitReportReporter -->
<testsuite hostname="DESKTOP-LKHQBG4" failures="0" tests="2" name="com.spicejet.test.NegativeLoginTest" time="34.342" errors="0" timestamp="2023-05-03T15:29:14 IST" skipped="0">
  <testcase classname="com.spicejet.test.NegativeLoginTest" name="login" time="15.163"/>
  <system-out/>
  <testcase classname="com.spicejet.test.NegativeLoginTest" name="login" time="19.179"/>
  <system-out/>
</testsuite> <!-- com.spicejet.test.NegativeLoginTest -->
